<?xml version="1.0" encoding="UTF-8"?>
<!-- Generated by org.testng.reporters.JUnitReportReporter -->
<testsuite hostname="ABINAYAs-MacBook-Pro.local" failures="0" tests="2" name="bddstyle.requestSpecificationWithvsGiven" time="5.360" errors="0" timestamp="2023-02-18T10:56:22 IST" skipped="0">
  <testcase classname="bddstyle.requestSpecificationWithvsGiven" name="getBooks" time="2.415"/>
  <system-out/>
  <testcase classname="bddstyle.requestSpecificationWithvsGiven" name="getAuthors" time="2.945"/>
  <system-out/>
</testsuite> <!-- bddstyle.requestSpecificationWithvsGiven -->
