<?xml version="1.0" encoding="UTF-8"?>
<!-- Generated by org.testng.reporters.JUnitReportReporter -->
<testsuite hostname="ABINAYAs-MacBook-Pro.local" failures="0" tests="1" name="json_schema.NetworkNTJsonSchemaValidator" time="0.291" errors="0" timestamp="2023-04-01T17:11:20 IST" skipped="0">
  <testcase classname="json_schema.NetworkNTJsonSchemaValidator" name="validateJsonSchema" time="0.291"/>
  <system-out/>
</testsuite> <!-- json_schema.NetworkNTJsonSchemaValidator -->
