<?xml version="1.0" encoding="UTF-8"?>
<!-- Generated by org.testng.reporters.JUnitReportReporter -->
<testsuite hostname="ABINAYAs-MacBook-Pro.local" failures="0" tests="2" name="bddstyle.UsingResponseSpecification" time="5.506" errors="0" timestamp="2023-02-28T08:25:35 IST" skipped="0">
  <testcase classname="bddstyle.UsingResponseSpecification" name="getBookingDetailsWithInvalidFirstName" time="1.649"/>
  <system-out/>
  <testcase classname="bddstyle.UsingResponseSpecification" name="getAllBookings" time="3.857"/>
  <system-out/>
</testsuite> <!-- bddstyle.UsingResponseSpecification -->
