<?xml version="1.0" encoding="UTF-8"?>
<!-- Generated by org.testng.reporters.JUnitReportReporter -->
<testsuite hostname="ABINAYAs-MacBook-Pro.local" failures="0" tests="1" name="bddstyle.PassFileAsPayload" time="4.552" errors="0" timestamp="2023-02-19T20:42:22 IST" skipped="0">
  <testcase classname="bddstyle.PassFileAsPayload" name="passFileAsPayload" time="4.552"/>
  <system-out/>
</testsuite> <!-- bddstyle.PassFileAsPayload -->
