<?xml version="1.0" encoding="UTF-8"?>
<!-- Generated by org.testng.reporters.JUnitReportReporter -->
<testsuite hostname="ABINAYAs-MacBook-Pro.local" failures="0" tests="3" name="extra_concepts.APIKeyAuth" time="2.483" errors="0" timestamp="2023-02-18T12:16:48 IST" skipped="2">
  <testcase classname="extra_concepts.APIKeyAuth" name="apiKeyusingHeaders" time="2.483"/>
  <system-out/>
  <testcase classname="extra_concepts.APIKeyAuth" name="ApiKeyAuth">
    <skipped/>
  </testcase> <!-- ApiKeyAuth -->
  <system-out/>
  <testcase classname="extra_concepts.APIKeyAuth" name="apiKeyusingParams">
    <skipped/>
  </testcase> <!-- apiKeyusingParams -->
  <system-out/>
</testsuite> <!-- extra_concepts.APIKeyAuth -->
