<?xml version="1.0" encoding="UTF-8"?>
<!-- Generated by org.testng.reporters.JUnitReportReporter -->
<testsuite hostname="ABINAYAs-MacBook-Pro.local" failures="0" tests="1" name="airlines_testScenario.getAirlineID" time="2.548" errors="0" timestamp="2023-02-22T08:44:05 IST" skipped="0">
  <testcase classname="airlines_testScenario.getAirlineID" name="getAllAirlinesData" time="2.548"/>
  <system-out/>
</testsuite> <!-- airlines_testScenario.getAirlineID -->
