<?xml version="1.0" encoding="UTF-8"?>
<!-- Generated by org.testng.reporters.JUnitReportReporter -->
<testsuite hostname="ABINAYAs-MacBook-Pro.local" failures="0" tests="2" name="JacksonPropertyInclusionAnnotations.JsonIgnorePropertiesAnnotation" time="0.289" errors="0" timestamp="2023-02-19T19:25:10 IST" skipped="0">
  <testcase classname="JacksonPropertyInclusionAnnotations.JsonIgnorePropertiesAnnotation" name="deserializationWithJsonIgnoreProperties" time="0.273"/>
  <system-out/>
  <testcase classname="JacksonPropertyInclusionAnnotations.JsonIgnorePropertiesAnnotation" name="serializationWithJsonIgnoreProperties" time="0.016"/>
  <system-out/>
</testsuite> <!-- JacksonPropertyInclusionAnnotations.JsonIgnorePropertiesAnnotation -->
