<?xml version="1.0" encoding="UTF-8"?>
<!-- Generated by org.testng.reporters.JUnitReportReporter -->
<testsuite hostname="ABINAYAs-MacBook-Pro.local" failures="0" tests="2" name="bddstyle.ShareDataUsingITestContext" time="4.675" errors="0" timestamp="2023-02-19T20:29:02 IST" skipped="1">
  <testcase classname="bddstyle.ShareDataUsingITestContext" name="createBooking" time="4.675"/>
  <system-out/>
  <testcase classname="bddstyle.ShareDataUsingITestContext" name="updateBooking">
    <skipped/>
  </testcase> <!-- updateBooking -->
  <system-out/>
</testsuite> <!-- bddstyle.ShareDataUsingITestContext -->
