<?xml version="1.0" encoding="UTF-8"?>
<!-- Generated by org.testng.reporters.JUnitReportReporter -->
<testsuite hostname="ABINAYAs-MacBook-Pro.local" failures="0" tests="1" name="bddstyle.UploadImageAPI" time="3.964" errors="0" timestamp="2023-02-21T07:45:16 IST" skipped="0">
  <testcase classname="bddstyle.UploadImageAPI" name="uploadImageTest" time="3.964"/>
  <system-out/>
</testsuite> <!-- bddstyle.UploadImageAPI -->
