<?xml version="1.0" encoding="UTF-8"?>
<!-- Generated by org.testng.reporters.JUnitReportReporter -->
<testsuite hostname="ABINAYAs-MacBook-Pro.local" failures="0" tests="1" name="airlines_testScenario.createAirline" time="2.908" errors="0" timestamp="2023-02-22T08:37:53 IST" skipped="0">
  <testcase classname="airlines_testScenario.createAirline" name="createAirlineData" time="2.908"/>
  <system-out/>
</testsuite> <!-- airlines_testScenario.createAirline -->
