<?xml version="1.0" encoding="UTF-8"?>
<!-- Generated by org.testng.reporters.JUnitReportReporter -->
<testsuite hostname="ABINAYAs-MacBook-Pro.local" failures="0" tests="5" name="bddstyle.UserValidationsbdd" time="2.499" errors="0" timestamp="2023-02-27T09:50:56 IST" skipped="4">
  <testcase classname="bddstyle.UserValidationsbdd" name="getAllUsersbdd" time="2.499"/>
  <system-out/>
  <testcase classname="bddstyle.UserValidationsbdd" name="deleteAUsersbdd">
    <skipped/>
  </testcase> <!-- deleteAUsersbdd -->
  <system-out/>
  <testcase classname="bddstyle.UserValidationsbdd" name="updateAUsersbdd">
    <skipped/>
  </testcase> <!-- updateAUsersbdd -->
  <system-out/>
  <testcase classname="bddstyle.UserValidationsbdd" name="createUserFromJsonFile">
    <skipped/>
  </testcase> <!-- createUserFromJsonFile -->
  <system-out/>
  <testcase classname="bddstyle.UserValidationsbdd" name="registerUsersbdd">
    <skipped/>
  </testcase> <!-- registerUsersbdd -->
  <system-out/>
</testsuite> <!-- bddstyle.UserValidationsbdd -->
