<?xml version="1.0" encoding="UTF-8"?>
<!-- Generated by org.testng.reporters.JUnitReportReporter -->
<testsuite hostname="ABINAYAs-MacBook-Pro.local" failures="0" tests="4" name="bddstyle.demoTest" time="6.478" errors="0" timestamp="2023-02-21T09:32:39 IST" skipped="0">
  <testcase classname="bddstyle.demoTest" name="createPassenger" time="3.566"/>
  <system-out/>
  <testcase classname="bddstyle.demoTest" name="retrievePassenger" time="0.915"/>
  <system-out/>
  <testcase classname="bddstyle.demoTest" name="updatewholePassenger" time="1.047"/>
  <system-out/>
  <testcase classname="bddstyle.demoTest" name="updatePassenger" time="0.950"/>
  <system-out/>
</testsuite> <!-- bddstyle.demoTest -->
