<?xml version="1.0" encoding="UTF-8"?>
<!-- Generated by org.testng.reporters.JUnitReportReporter -->
<testsuite hostname="ABINAYAs-MacBook-Pro.local" failures="0" tests="5" name="nonbddstyle.UsersValidation" time="2.758" errors="0" timestamp="2023-02-11T09:54:28 IST" skipped="4">
  <testcase classname="nonbddstyle.UsersValidation" name="deleteAUsers" time="2.758"/>
  <system-out/>
  <testcase classname="nonbddstyle.UsersValidation" name="getAllUsers">
    <skipped/>
  </testcase> <!-- getAllUsers -->
  <system-out/>
  <testcase classname="nonbddstyle.UsersValidation" name="updateAUsers">
    <skipped/>
  </testcase> <!-- updateAUsers -->
  <system-out/>
  <testcase classname="nonbddstyle.UsersValidation" name="createAUsers">
    <skipped/>
  </testcase> <!-- createAUsers -->
  <system-out/>
  <testcase classname="nonbddstyle.UsersValidation" name="getSingleUser">
    <skipped/>
  </testcase> <!-- getSingleUser -->
  <system-out/>
</testsuite> <!-- nonbddstyle.UsersValidation -->
