<?xml version="1.0" encoding="UTF-8"?>
<!-- Generated by org.testng.reporters.JUnitReportReporter -->
<testsuite hostname="ABINAYAs-MacBook-Pro.local" failures="0" tests="2" name="json_schema.RestAssuredJsonSchemaValidation" time="5.057" errors="0" timestamp="2023-04-01T16:46:26 IST" skipped="1">
  <testcase classname="json_schema.RestAssuredJsonSchemaValidation" name="validationsUsingMatchesJsonSchema" time="5.057"/>
  <system-out/>
  <testcase classname="json_schema.RestAssuredJsonSchemaValidation" name="validationsusingJsonSchemaInClassPath">
    <skipped/>
  </testcase> <!-- validationsusingJsonSchemaInClassPath -->
  <system-out/>
</testsuite> <!-- json_schema.RestAssuredJsonSchemaValidation -->
