<?xml version="1.0" encoding="UTF-8"?>
<!-- Generated by org.testng.reporters.JUnitReportReporter -->
<testsuite hostname="ABINAYAs-MacBook-Pro.local" failures="0" tests="2" name="JacksonPropertyInclusionAnnotations.JsonIgnoreAnnotation" time="0.308" errors="0" timestamp="2023-02-19T19:11:57 IST" skipped="0">
  <testcase classname="JacksonPropertyInclusionAnnotations.JsonIgnoreAnnotation" name="serializationWithJsonIgnore" time="0.022"/>
  <system-out/>
  <testcase classname="JacksonPropertyInclusionAnnotations.JsonIgnoreAnnotation" name="deserializationWithJsonIgnore" time="0.286"/>
  <system-out/>
</testsuite> <!-- JacksonPropertyInclusionAnnotations.JsonIgnoreAnnotation -->
