<?xml version="1.0" encoding="UTF-8"?>
<!-- Generated by org.testng.reporters.JUnitReportReporter -->
<testsuite hostname="ABINAYAs-MacBook-Pro.local" failures="0" tests="2" name="extra_concepts.Outh2Demo" time="6.353" errors="0" timestamp="2023-03-02T10:09:15 IST" skipped="0">
  <testcase classname="extra_concepts.Outh2Demo" name="getData" time="0.835"/>
  <system-out/>
  <testcase classname="extra_concepts.Outh2Demo" name="generateToken" time="5.518"/>
  <system-out/>
</testsuite> <!-- extra_concepts.Outh2Demo -->
