<?xml version="1.0" encoding="UTF-8"?>
<!-- Generated by org.testng.reporters.JUnitReportReporter -->
<testsuite hostname="ABINAYAs-MacBook-Pro.local" failures="0" tests="3" name="extra_concepts.CompareTwoJSON" time="0.233" errors="0" timestamp="2023-02-19T19:46:16 IST" skipped="0">
  <testcase classname="extra_concepts.CompareTwoJSON" name="compareTwoNestedJsonObjects" time="0.003"/>
  <system-out/>
  <testcase classname="extra_concepts.CompareTwoJSON" name="compareTwoJsonObjectsWithDifferentOrderOfRootElements" time="0.004"/>
  <system-out/>
  <testcase classname="extra_concepts.CompareTwoJSON" name="compareTwoJsonObjects" time="0.226"/>
  <system-out/>
</testsuite> <!-- extra_concepts.CompareTwoJSON -->
