<?xml version="1.0" encoding="UTF-8"?>
<!-- Generated by org.testng.reporters.JUnitReportReporter -->
<testsuite hostname="ABINAYAs-MacBook-Pro.local" failures="0" tests="2" name="extra_concepts.basicAuth" time="3.510" errors="0" timestamp="2023-03-02T08:33:06 IST" skipped="1">
  <testcase classname="extra_concepts.basicAuth" name="TestBasicAuth" time="3.510"/>
  <system-out/>
  <testcase classname="extra_concepts.basicAuth" name="BasicAuth">
    <skipped/>
  </testcase> <!-- BasicAuth -->
  <system-out/>
</testsuite> <!-- extra_concepts.basicAuth -->
