<?xml version="1.0" encoding="UTF-8"?>
<!-- Generated by org.testng.reporters.JUnitReportReporter -->
<testsuite hostname="ABINAYAs-MacBook-Pro.local" failures="0" tests="2" name="bddstyle.multipleRequestSpecification" time="5.653" errors="0" timestamp="2023-02-18T11:09:29 IST" skipped="0">
  <testcase classname="bddstyle.multipleRequestSpecification" name="getBooks" time="2.779"/>
  <system-out/>
  <testcase classname="bddstyle.multipleRequestSpecification" name="getAuthors" time="2.874"/>
  <system-out/>
</testsuite> <!-- bddstyle.multipleRequestSpecification -->
