<?xml version="1.0" encoding="UTF-8"?>
<!-- Generated by org.testng.reporters.JUnitReportReporter -->
<testsuite hostname="ABINAYAs-MacBook-Pro.local" failures="0" tests="1" name="airlines_testScenario.getAllAirlines" time="9.872" errors="0" timestamp="2023-02-22T08:42:07 IST" skipped="0">
  <testcase classname="airlines_testScenario.getAllAirlines" name="getAllAirlinesData" time="9.872"/>
  <system-out/>
</testsuite> <!-- airlines_testScenario.getAllAirlines -->
