<?xml version="1.0" encoding="UTF-8"?>
<!-- Generated by org.testng.reporters.JUnitReportReporter -->
<testsuite hostname="ABINAYAs-MacBook-Pro.local" failures="0" tests="1" name="extra_concepts.Serialization" time="7.344" errors="0" timestamp="2023-02-11T13:26:57 IST" skipped="0">
  <testcase classname="extra_concepts.Serialization" name="serialization" time="7.344"/>
  <system-out/>
</testsuite> <!-- extra_concepts.Serialization -->
